<?xml version="1.0" encoding="UTF-8"?>
<!-- Generated by org.testng.reporters.JUnitReportReporter -->
<testsuite skipped="4" hostname="Seif-PC" name="test.Trello" tests="6" failures="0" timestamp="05 May 2018 13:55:02 GMT" time="39.050" errors="0">
  <testcase name="addListAndCard" time="30.858" classname="test.Trello"/>
  <testcase name="ArchieveList" time="8.192" classname="test.Trello"/>
  <testcase name="createBoard" classname="test.Trello">
    <skipped/>
  </testcase> <!-- createBoard -->
  <testcase name="deleteBoard" classname="test.Trello">
    <skipped/>
  </testcase> <!-- deleteBoard -->
  <testcase name="addTeam" classname="test.Trello">
    <skipped/>
  </testcase> <!-- addTeam -->
  <testcase name="deleteTeam" classname="test.Trello">
    <skipped/>
  </testcase> <!-- deleteTeam -->
</testsuite> <!-- test.Trello -->
